#1 [internal] load local bake definitions
#1 reading from stdin 347B done
#1 DONE 0.0s

#2 [internal] load build definition from Dockerfile
#2 transferring dockerfile: 2.53kB done
#2 DONE 0.0s

#3 [internal] load metadata for docker.io/library/node:18-alpine
#3 DONE 1.2s

#4 [internal] load .dockerignore
#4 transferring context: 820B done
#4 DONE 0.0s

#5 [base 1/1] FROM docker.io/library/node:18-alpine@sha256:8d6421d663b4c28fd3ebc498332f249011d118945588d0a35cb9bc4b8ca09d9e
#5 DONE 0.0s

#6 [internal] load build context
#6 transferring context: 23.16kB 0.0s done
#6 DONE 0.0s

#7 [deps 3/4] COPY package*.json ./
#7 CACHED

#8 [deps 4/4] RUN npm install
#8 CACHED

#9 [builder 1/4] WORKDIR /app
#9 CACHED

#10 [deps 1/4] RUN apk add --no-cache libc6-compat
#10 CACHED

#11 [deps 2/4] WORKDIR /app
#11 CACHED

#12 [builder 2/4] COPY --from=deps /app/node_modules ./node_modules
#12 CACHED

#13 [builder 3/4] COPY . .
#13 DONE 0.1s

#14 [builder 4/4] RUN npm run build
#14 0.605 
#14 0.605 > my-v0-project@0.1.0 build
#14 0.605 > next build
#14 0.605 
#14 1.466   ▲ Next.js 14.2.17
#14 1.467 
#14 1.483    Creating an optimized production build ...
#14 1.504  ⚠ Found lockfile missing swc dependencies, patching...
#14 2.208    Downloading swc package @next/swc-linux-arm64-gnu...
#14 3.900  ⚠ Lockfile was successfully patched, please run "npm install" to ensure @next/swc dependencies are downloaded
#14 9.441    Downloading swc package @next/swc-linux-arm64-musl...
#14 36.38  ✓ Compiled successfully
#14 36.38    Skipping validation of types
#14 36.38    Skipping linting
#14 36.59    Collecting page data ...
#14 37.08 ⚠️  Node.js 18 and below are deprecated and will no longer be supported in future versions of @supabase/supabase-js. Please upgrade to Node.js 20 or later. For more information, visit: https://github.com/orgs/supabase/discussions/37217
#14 37.08 ⚠️  Node.js 18 and below are deprecated and will no longer be supported in future versions of @supabase/supabase-js. Please upgrade to Node.js 20 or later. For more information, visit: https://github.com/orgs/supabase/discussions/37217
#14 37.09 ⚠️ No email provider configured, defaulting to AWS SES
#14 37.09 ⚠️ No email provider configured, defaulting to AWS SES
#14 37.11 ⚠️  Node.js 18 and below are deprecated and will no longer be supported in future versions of @supabase/supabase-js. Please upgrade to Node.js 20 or later. For more information, visit: https://github.com/orgs/supabase/discussions/37217
#14 38.55    Generating static pages (0/24) ...
#14 38.84 ⚠️  Node.js 18 and below are deprecated and will no longer be supported in future versions of @supabase/supabase-js. Please upgrade to Node.js 20 or later. For more information, visit: https://github.com/orgs/supabase/discussions/37217
#14 38.84    Generating static pages (6/24) 
#14 38.94    Generating static pages (12/24) 
#14 38.94 ⚠️  Node.js 18 and below are deprecated and will no longer be supported in future versions of @supabase/supabase-js. Please upgrade to Node.js 20 or later. For more information, visit: https://github.com/orgs/supabase/discussions/37217
#14 38.94 ⚠️ No email provider configured, defaulting to AWS SES
#14 38.94 ⚠️ No email provider configured, defaulting to AWS SES
#14 38.94 ⚠️  Node.js 18 and below are deprecated and will no longer be supported in future versions of @supabase/supabase-js. Please upgrade to Node.js 20 or later. For more information, visit: https://github.com/orgs/supabase/discussions/37217
#14 39.07  ⨯ useSearchParams() should be wrapped in a suspense boundary at page "/create". Read more: https://nextjs.org/docs/messages/missing-suspense-with-csr-bailout
#14 39.07     at r (/app/.next/server/chunks/1940.js:21:117793)
#14 39.07     at o (/app/.next/server/chunks/1940.js:21:128776)
#14 39.07     at g (/app/.next/server/app/(main)/create/page.js:1:3586)
#14 39.07     at nj (/app/node_modules/next/dist/compiled/next-server/app-page.runtime.prod.js:12:46251)
#14 39.07     at nM (/app/node_modules/next/dist/compiled/next-server/app-page.runtime.prod.js:12:47571)
#14 39.07     at nN (/app/node_modules/next/dist/compiled/next-server/app-page.runtime.prod.js:12:64546)
#14 39.07     at nB (/app/node_modules/next/dist/compiled/next-server/app-page.runtime.prod.js:12:67538)
#14 39.07     at nD (/app/node_modules/next/dist/compiled/next-server/app-page.runtime.prod.js:12:66680)
#14 39.07     at nN (/app/node_modules/next/dist/compiled/next-server/app-page.runtime.prod.js:12:64853)
#14 39.07     at nB (/app/node_modules/next/dist/compiled/next-server/app-page.runtime.prod.js:12:67538)
#14 39.07 
#14 39.07 Error occurred prerendering page "/create". Read more: https://nextjs.org/docs/messages/prerender-error
#14 39.07 
#14 39.07    Generating static pages (18/24) 
#14 39.07 ⚠️  Node.js 18 and below are deprecated and will no longer be supported in future versions of @supabase/supabase-js. Please upgrade to Node.js 20 or later. For more information, visit: https://github.com/orgs/supabase/discussions/37217
#14 39.07 ⚠️  Node.js 18 and below are deprecated and will no longer be supported in future versions of @supabase/supabase-js. Please upgrade to Node.js 20 or later. For more information, visit: https://github.com/orgs/supabase/discussions/37217
#14 39.10 ⚠️  Node.js 18 and below are deprecated and will no longer be supported in future versions of @supabase/supabase-js. Please upgrade to Node.js 20 or later. For more information, visit: https://github.com/orgs/supabase/discussions/37217
#14 39.12 ⚠️  Node.js 18 and below are deprecated and will no longer be supported in future versions of @supabase/supabase-js. Please upgrade to Node.js 20 or later. For more information, visit: https://github.com/orgs/supabase/discussions/37217
#14 39.12 ⚠️  Node.js 18 and below are deprecated and will no longer be supported in future versions of @supabase/supabase-js. Please upgrade to Node.js 20 or later. For more information, visit: https://github.com/orgs/supabase/discussions/37217
#14 39.13 ⚠️  Node.js 18 and below are deprecated and will no longer be supported in future versions of @supabase/supabase-js. Please upgrade to Node.js 20 or later. For more information, visit: https://github.com/orgs/supabase/discussions/37217
#14 39.24  ✓ Generating static pages (24/24)
#14 39.25 
#14 39.25 > Export encountered errors on following paths:
#14 39.25 	/(main)/create/page: /create
#14 39.33 npm notice
#14 39.33 npm notice New major version of npm available! 10.8.2 -> 11.6.1
#14 39.33 npm notice Changelog: https://github.com/npm/cli/releases/tag/v11.6.1
#14 39.33 npm notice To update run: npm install -g npm@11.6.1
#14 39.33 npm notice
#14 ERROR: process "/bin/sh -c npm run build" did not complete successfully: exit code: 1
------
 > [builder 4/4] RUN npm run build:
39.13 ⚠️  Node.js 18 and below are deprecated and will no longer be supported in future versions of @supabase/supabase-js. Please upgrade to Node.js 20 or later. For more information, visit: https://github.com/orgs/supabase/discussions/37217
39.24  ✓ Generating static pages (24/24)
39.25 
39.25 > Export encountered errors on following paths:
39.25 	/(main)/create/page: /create
39.33 npm notice
39.33 npm notice New major version of npm available! 10.8.2 -> 11.6.1
39.33 npm notice Changelog: https://github.com/npm/cli/releases/tag/v11.6.1
39.33 npm notice To update run: npm install -g npm@11.6.1
39.33 npm notice
------
Dockerfile:33

--------------------

  31 |     

  32 |     # Build the application

  33 | >>> RUN npm run build

  34 |     

  35 |     # Production image, copy all the files and run next

--------------------

failed to solve: process "/bin/sh -c npm run build" did not complete successfully: exit code: 1



View build details: docker-desktop://dashboard/build/desktop-linux/desktop-linux/k8ndv7qw55dtxpdycoey2h3b3

