#1 [internal] load local bake definitions
#1 reading from stdin 347B done
#1 DONE 0.0s

#2 [internal] load build definition from Dockerfile
#2 transferring dockerfile: 1.61kB done
#2 DONE 0.0s

#3 [internal] load metadata for docker.io/library/node:18-alpine
#3 DONE 0.4s

#4 [internal] load .dockerignore
#4 transferring context: 820B done
#4 DONE 0.0s

#5 [base 1/1] FROM docker.io/library/node:18-alpine@sha256:8d6421d663b4c28fd3ebc498332f249011d118945588d0a35cb9bc4b8ca09d9e
#5 DONE 0.0s

#6 [runner 2/8] RUN addgroup --system --gid 1001 nodejs
#6 CACHED

#7 [builder 1/4] WORKDIR /app
#7 CACHED

#8 [runner 3/8] RUN adduser --system --uid 1001 nextjs
#8 CACHED

#9 [internal] load build context
#9 transferring context: 16.13kB 0.0s done
#9 DONE 0.0s

#10 [deps 1/4] RUN apk add --no-cache libc6-compat
#10 CACHED

#11 [deps 2/4] WORKDIR /app
#11 CACHED

#12 [deps 3/4] COPY package*.json ./
#12 CACHED

#13 [deps 4/4] RUN npm ci --only=production
#13 CACHED

#14 [builder 2/4] COPY --from=deps /app/node_modules ./node_modules
#14 DONE 2.7s

#15 [builder 3/4] COPY . .
#15 DONE 0.0s

#16 [builder 4/4] RUN npm run build
#16 0.419 
#16 0.419 > my-v0-project@0.1.0 build
#16 0.419 > next build
#16 0.419 
#16 0.876   ▲ Next.js 14.2.17
#16 0.876 
#16 0.888    Creating an optimized production build ...
#16 0.905  ⚠ Found lockfile missing swc dependencies, patching...
#16 1.149    Downloading swc package @next/swc-linux-arm64-gnu...
#16 2.467  ⚠ Lockfile was successfully patched, please run "npm install" to ensure @next/swc dependencies are downloaded
#16 7.530    Downloading swc package @next/swc-linux-arm64-musl...
#16 19.44 Failed to compile.
#16 19.44 
#16 19.44 ./app/(main)/create/layout.tsx
#16 19.44 Module not found: Can't resolve '@/components/create/create-sidebar'
#16 19.44 
#16 19.44 https://nextjs.org/docs/messages/module-not-found
#16 19.44 
#16 19.44 ./app/(main)/create/layout.tsx
#16 19.44 Module not found: Can't resolve '@/hooks/use-mobile'
#16 19.44 
#16 19.44 https://nextjs.org/docs/messages/module-not-found
#16 19.44 
#16 19.44 ./app/(main)/create/page.tsx
#16 19.44 Module not found: Can't resolve '@/components/create/create-page-client'
#16 19.44 
#16 19.44 https://nextjs.org/docs/messages/module-not-found
#16 19.44 
#16 19.44 ./app/(main)/features/page.tsx
#16 19.44 Module not found: Can't resolve '@/components/navbar'
#16 19.44 
#16 19.44 https://nextjs.org/docs/messages/module-not-found
#16 19.44 
#16 19.44 ./app/(main)/features/page.tsx
#16 19.44 Module not found: Can't resolve '@/components/space-background'
#16 19.44 
#16 19.44 https://nextjs.org/docs/messages/module-not-found
#16 19.44 
#16 19.44 
#16 19.44 > Build failed because of webpack errors
#16 19.52 npm notice
#16 19.52 npm notice New major version of npm available! 10.8.2 -> 11.6.1
#16 19.52 npm notice Changelog: https://github.com/npm/cli/releases/tag/v11.6.1
#16 19.52 npm notice To update run: npm install -g npm@11.6.1
#16 19.52 npm notice
#16 ERROR: process "/bin/sh -c npm run build" did not complete successfully: exit code: 1
------
 > [builder 4/4] RUN npm run build:
19.44 
19.44 https://nextjs.org/docs/messages/module-not-found
19.44 
19.44 
19.44 > Build failed because of webpack errors
19.52 npm notice
19.52 npm notice New major version of npm available! 10.8.2 -> 11.6.1
19.52 npm notice Changelog: https://github.com/npm/cli/releases/tag/v11.6.1
19.52 npm notice To update run: npm install -g npm@11.6.1
19.52 npm notice
------
Dockerfile:24

--------------------

  22 |     ENV NEXT_TELEMETRY_DISABLED 1

  23 |     

  24 | >>> RUN npm run build

  25 |     

  26 |     # Production image, copy all the files and run next

--------------------

failed to solve: process "/bin/sh -c npm run build" did not complete successfully: exit code: 1



View build details: docker-desktop://dashboard/build/desktop-linux/desktop-linux/18yfwg9gh0wmuzzs984tasspl

NAME           IMAGE            COMMAND                   SERVICE   CREATED      STATUS                        PORTS
vidfab-redis   redis:7-alpine   "docker-entrypoint.s…"   redis     9 days ago   Up About a minute (healthy)   0.0.0.0:6379->6379/tcp, [::]:6379->6379/tcp
