#1 [internal] load local bake definitions
#1 reading from stdin 347B done
#1 DONE 0.0s

#2 [internal] load build definition from Dockerfile
#2 transferring dockerfile: 2.05kB done
#2 DONE 0.0s

#3 [internal] load metadata for docker.io/library/node:18-alpine
#3 DONE 0.9s

#4 [internal] load .dockerignore
#4 transferring context: 820B done
#4 DONE 0.0s

#5 [base 1/1] FROM docker.io/library/node:18-alpine@sha256:8d6421d663b4c28fd3ebc498332f249011d118945588d0a35cb9bc4b8ca09d9e
#5 DONE 0.0s

#6 [builder 1/4] WORKDIR /app
#6 CACHED

#7 [runner 2/8] RUN addgroup --system --gid 1001 nodejs
#7 CACHED

#8 [runner 3/8] RUN adduser --system --uid 1001 nextjs
#8 CACHED

#9 [internal] load build context
#9 transferring context: 16.13kB 0.0s done
#9 DONE 0.0s

#10 [deps 2/4] WORKDIR /app
#10 CACHED

#11 [deps 1/4] RUN apk add --no-cache libc6-compat
#11 CACHED

#12 [deps 3/4] COPY package*.json ./
#12 CACHED

#13 [deps 4/4] RUN npm ci
#13 CACHED

#14 [builder 2/4] COPY --from=deps /app/node_modules ./node_modules
#14 CACHED

#15 [builder 3/4] COPY . .
#15 CACHED

#16 [builder 4/4] RUN npm run build; EXIT_CODE=$?; if [ $EXIT_CODE -eq 0 ]; then echo "Build successful"; else echo "Build completed with prerender warnings - continuing deployment"; fi
#16 0.401 
#16 0.401 > my-v0-project@0.1.0 build
#16 0.401 > next build
#16 0.401 
#16 0.857   ▲ Next.js 14.2.17
#16 0.858 
#16 0.869    Creating an optimized production build ...
#16 0.885  ⚠ Found lockfile missing swc dependencies, patching...
#16 1.112    Downloading swc package @next/swc-linux-arm64-gnu...
#16 2.069  ⚠ Lockfile was successfully patched, please run "npm install" to ensure @next/swc dependencies are downloaded
#16 6.380    Downloading swc package @next/swc-linux-arm64-musl...
#16 28.73  ✓ Compiled successfully
#16 28.73    Skipping validation of types
#16 28.73    Skipping linting
#16 28.92    Collecting page data ...
#16 29.20 ⚠️  Node.js 18 and below are deprecated and will no longer be supported in future versions of @supabase/supabase-js. Please upgrade to Node.js 20 or later. For more information, visit: https://github.com/orgs/supabase/discussions/37217
#16 29.23 ⚠️  Node.js 18 and below are deprecated and will no longer be supported in future versions of @supabase/supabase-js. Please upgrade to Node.js 20 or later. For more information, visit: https://github.com/orgs/supabase/discussions/37217
#16 29.24 ⚠️  Node.js 18 and below are deprecated and will no longer be supported in future versions of @supabase/supabase-js. Please upgrade to Node.js 20 or later. For more information, visit: https://github.com/orgs/supabase/discussions/37217
#16 29.26 ⚠️  Node.js 18 and below are deprecated and will no longer be supported in future versions of @supabase/supabase-js. Please upgrade to Node.js 20 or later. For more information, visit: https://github.com/orgs/supabase/discussions/37217
#16 29.26 ⚠️  Node.js 18 and below are deprecated and will no longer be supported in future versions of @supabase/supabase-js. Please upgrade to Node.js 20 or later. For more information, visit: https://github.com/orgs/supabase/discussions/37217
#16 29.27 ⚠️  Node.js 18 and below are deprecated and will no longer be supported in future versions of @supabase/supabase-js. Please upgrade to Node.js 20 or later. For more information, visit: https://github.com/orgs/supabase/discussions/37217
#16 30.20    Generating static pages (0/23) ...
#16 30.46    Generating static pages (5/23) 
#16 30.46 ⚠️  Node.js 18 and below are deprecated and will no longer be supported in future versions of @supabase/supabase-js. Please upgrade to Node.js 20 or later. For more information, visit: https://github.com/orgs/supabase/discussions/37217
#16 30.46 ⚠️  Node.js 18 and below are deprecated and will no longer be supported in future versions of @supabase/supabase-js. Please upgrade to Node.js 20 or later. For more information, visit: https://github.com/orgs/supabase/discussions/37217
#16 30.46    Generating static pages (11/23) 
#16 30.56    Generating static pages (17/23) 
#16 30.56 ⚠️  Node.js 18 and below are deprecated and will no longer be supported in future versions of @supabase/supabase-js. Please upgrade to Node.js 20 or later. For more information, visit: https://github.com/orgs/supabase/discussions/37217
#16 30.56 ⚠️  Node.js 18 and below are deprecated and will no longer be supported in future versions of @supabase/supabase-js. Please upgrade to Node.js 20 or later. For more information, visit: https://github.com/orgs/supabase/discussions/37217
#16 30.56 ⚠️  Node.js 18 and below are deprecated and will no longer be supported in future versions of @supabase/supabase-js. Please upgrade to Node.js 20 or later. For more information, visit: https://github.com/orgs/supabase/discussions/37217
#16 30.56  ⨯ useSearchParams() should be wrapped in a suspense boundary at page "/create". Read more: https://nextjs.org/docs/messages/missing-suspense-with-csr-bailout
#16 30.56     at r (/app/.next/server/chunks/962.js:21:117793)
#16 30.56     at o (/app/.next/server/chunks/962.js:21:128776)
#16 30.56     at g (/app/.next/server/app/(main)/create/page.js:1:3582)
#16 30.56     at nj (/app/node_modules/next/dist/compiled/next-server/app-page.runtime.prod.js:12:46251)
#16 30.56     at nM (/app/node_modules/next/dist/compiled/next-server/app-page.runtime.prod.js:12:47571)
#16 30.56     at nN (/app/node_modules/next/dist/compiled/next-server/app-page.runtime.prod.js:12:64546)
#16 30.56     at nB (/app/node_modules/next/dist/compiled/next-server/app-page.runtime.prod.js:12:67538)
#16 30.56     at nD (/app/node_modules/next/dist/compiled/next-server/app-page.runtime.prod.js:12:66680)
#16 30.56     at nN (/app/node_modules/next/dist/compiled/next-server/app-page.runtime.prod.js:12:64853)
#16 30.56     at nB (/app/node_modules/next/dist/compiled/next-server/app-page.runtime.prod.js:12:67538)
#16 30.56 
#16 30.56 Error occurred prerendering page "/create". Read more: https://nextjs.org/docs/messages/prerender-error
#16 30.56 
#16 30.60 ⚠️  Node.js 18 and below are deprecated and will no longer be supported in future versions of @supabase/supabase-js. Please upgrade to Node.js 20 or later. For more information, visit: https://github.com/orgs/supabase/discussions/37217
#16 30.60 ⚠️  Node.js 18 and below are deprecated and will no longer be supported in future versions of @supabase/supabase-js. Please upgrade to Node.js 20 or later. For more information, visit: https://github.com/orgs/supabase/discussions/37217
#16 30.65  ✓ Generating static pages (23/23)
#16 30.65 
#16 30.65 > Export encountered errors on following paths:
#16 30.65 	/(main)/create/page: /create
#16 30.69 npm notice
#16 30.69 npm notice New major version of npm available! 10.8.2 -> 11.6.1
#16 30.69 npm notice Changelog: https://github.com/npm/cli/releases/tag/v11.6.1
#16 30.69 npm notice To update run: npm install -g npm@11.6.1
#16 30.69 npm notice
#16 30.70 Build completed with prerender warnings - continuing deployment
#16 DONE 30.9s

#17 [runner 6/8] RUN chown nextjs:nodejs .next
#17 CACHED

#18 [runner 5/8] RUN mkdir .next
#18 CACHED

#19 [runner 4/8] COPY --from=builder /app/public ./public
#19 CACHED

#20 [runner 7/8] COPY --from=builder --chown=nextjs:nodejs /app/.next/standalone ./
#20 ERROR: failed to calculate checksum of ref 522ebeb8-87cd-4568-9fb4-64abbe2d5e9b::kg9amzbukhybrehjiqkueyvyy: "/app/.next/standalone": not found
------
 > [runner 7/8] COPY --from=builder --chown=nextjs:nodejs /app/.next/standalone ./:
------
Dockerfile:51

--------------------

  49 |     # Automatically leverage output traces to reduce image size

  50 |     # https://nextjs.org/docs/advanced-features/output-file-tracing

  51 | >>> COPY --from=builder --chown=nextjs:nodejs /app/.next/standalone ./

  52 |     COPY --from=builder --chown=nextjs:nodejs /app/.next/static ./.next/static

  53 |     

--------------------

failed to solve: failed to compute cache key: failed to calculate checksum of ref 522ebeb8-87cd-4568-9fb4-64abbe2d5e9b::kg9amzbukhybrehjiqkueyvyy: "/app/.next/standalone": not found



View build details: docker-desktop://dashboard/build/desktop-linux/desktop-linux/9hqei3li7kphnbnzijp6e129q

