#1 [internal] load local bake definitions
#1 reading from stdin 1.02kB done
#1 DONE 0.0s

#2 [internal] load build definition from Dockerfile
#2 transferring dockerfile: 3.09kB done
#2 DONE 0.0s

#3 [auth] library/node:pull token for registry-1.docker.io
#3 DONE 0.0s

#4 [internal] load metadata for docker.io/library/node:18-alpine
#4 DONE 2.3s

#5 [internal] load .dockerignore
#5 transferring context: 820B done
#5 DONE 0.0s

#6 [base 1/1] FROM docker.io/library/node:18-alpine@sha256:8d6421d663b4c28fd3ebc498332f249011d118945588d0a35cb9bc4b8ca09d9e
#6 DONE 0.0s

#7 [internal] load build context
#7 transferring context: 73.99kB 0.0s done
#7 DONE 0.0s

#8 [deps 1/4] RUN apk add --no-cache libc6-compat
#8 CACHED

#9 [builder 1/4] WORKDIR /app
#9 CACHED

#10 [deps 2/4] WORKDIR /app
#10 CACHED

#11 [deps 4/4] RUN npm install
#11 CACHED

#12 [deps 3/4] COPY package*.json ./
#12 CACHED

#13 [builder 2/4] COPY --from=deps /app/node_modules ./node_modules
#13 CACHED

#14 [builder 3/4] COPY . .
#14 DONE 0.1s

#15 [builder 4/4] RUN npm run build; EXIT_CODE=$?; if [ $EXIT_CODE -eq 0 ]; then echo "Build successful"; else echo "Build completed with prerender warnings - continuing deployment"; fi
#15 0.441 
#15 0.441 > my-v0-project@0.1.0 build
#15 0.441 > next build
#15 0.441 
#15 0.995   ▲ Next.js 14.2.17
#15 0.995 
#15 1.009    Creating an optimized production build ...
#15 1.026  ⚠ Found lockfile missing swc dependencies, patching...
#15 1.270    Downloading swc package @next/swc-linux-arm64-gnu...
#15 2.343  ⚠ Lockfile was successfully patched, please run "npm install" to ensure @next/swc dependencies are downloaded
#15 6.997    Downloading swc package @next/swc-linux-arm64-musl...
