#1 [internal] load local bake definitions
#1 reading from stdin 347B done
#1 DONE 0.0s

#2 [internal] load build definition from Dockerfile
#2 transferring dockerfile: 2.64kB done
#2 DONE 0.0s

#3 [internal] load metadata for docker.io/library/node:18-alpine
#3 ERROR: failed to do request: Head "https://registry-1.docker.io/v2/library/node/manifests/18-alpine": context deadline exceeded
------
 > [internal] load metadata for docker.io/library/node:18-alpine:
------
Dockerfile:2

--------------------

   1 |     # Multi-stage build for Next.js application

   2 | >>> FROM node:18-alpine AS base

   3 |     

   4 |     # Install dependencies only when needed

--------------------

failed to solve: DeadlineExceeded: node:18-alpine: failed to resolve source metadata for docker.io/library/node:18-alpine: failed to do request: Head "https://registry-1.docker.io/v2/library/node/manifests/18-alpine": context deadline exceeded



View build details: docker-desktop://dashboard/build/desktop-linux/desktop-linux/q2bo4vuqyfnr1hkuq76ksbmxy

