#1 [internal] load local bake definitions
#1 reading from stdin 347B done
#1 DONE 0.0s

#2 [internal] load build definition from Dockerfile
#2 transferring dockerfile: 1.61kB done
#2 DONE 0.0s

#3 [internal] load metadata for docker.io/library/node:18-alpine
#3 ...

#4 [auth] library/node:pull token for registry-1.docker.io
#4 DONE 0.0s

#3 [internal] load metadata for docker.io/library/node:18-alpine
#3 DONE 2.0s

#5 [internal] load .dockerignore
#5 transferring context: 820B done
#5 DONE 0.0s

#6 [base 1/1] FROM docker.io/library/node:18-alpine@sha256:8d6421d663b4c28fd3ebc498332f249011d118945588d0a35cb9bc4b8ca09d9e
#6 CACHED

#7 [builder 1/4] WORKDIR /app
#7 CACHED

#8 [internal] load build context
#8 transferring context: 1.80MB 0.1s done
#8 DONE 0.1s

#9 [runner 2/8] RUN addgroup --system --gid 1001 nodejs
#9 DONE 0.2s

#10 [runner 3/8] RUN adduser --system --uid 1001 nextjs
#10 DONE 0.1s

#11 [deps 1/4] RUN apk add --no-cache libc6-compat
#11 0.188 fetch https://dl-cdn.alpinelinux.org/alpine/v3.21/main/aarch64/APKINDEX.tar.gz
#11 0.697 fetch https://dl-cdn.alpinelinux.org/alpine/v3.21/community/aarch64/APKINDEX.tar.gz
#11 1.295 (1/3) Installing musl-obstack (1.2.3-r2)
#11 1.346 (2/3) Installing libucontext (1.3.2-r0)
#11 1.407 (3/3) Installing gcompat (1.1.0-r4)
#11 1.471 OK: 10 MiB in 20 packages
#11 DONE 1.5s

#12 [deps 2/4] WORKDIR /app
#12 DONE 0.0s

#13 [deps 3/4] COPY package*.json ./
#13 DONE 0.0s

#14 [deps 4/4] RUN npm ci --only=production
#14 0.297 npm warn config only Use `--omit=dev` to omit dev dependencies from the install.
#14 6.755 npm warn deprecated @types/ioredis@5.0.0: This is a stub types definition. ioredis provides its own type definitions, so you do not need this installed.
#14 20.01 
#14 20.01 added 524 packages, and audited 525 packages in 20s
#14 20.01 
#14 20.01 73 packages are looking for funding
#14 20.01   run `npm fund` for details
#14 20.06 
#14 20.06 3 vulnerabilities (2 low, 1 critical)
#14 20.06 
#14 20.06 To address all issues, run:
#14 20.06   npm audit fix --force
#14 20.06 
#14 20.06 Run `npm audit` for details.
#14 20.06 npm notice
#14 20.06 npm notice New major version of npm available! 10.8.2 -> 11.6.1
#14 20.06 npm notice Changelog: https://github.com/npm/cli/releases/tag/v11.6.1
#14 20.06 npm notice To update run: npm install -g npm@11.6.1
#14 20.06 npm notice
#14 DONE 20.8s

#15 [builder 2/4] COPY --from=deps /app/node_modules ./node_modules
