#1 [internal] load local bake definitions
#1 reading from stdin 347B done
#1 DONE 0.0s

#2 [internal] load build definition from Dockerfile
#2 transferring dockerfile: 2.64kB done
#2 DONE 0.0s

#3 [auth] library/node:pull token for registry-1.docker.io
#3 DONE 0.0s

#4 [internal] load metadata for docker.io/library/node:18-alpine
#4 DONE 2.0s

#5 [internal] load .dockerignore
#5 transferring context: 820B done
#5 DONE 0.0s

#6 [base 1/1] FROM docker.io/library/node:18-alpine@sha256:8d6421d663b4c28fd3ebc498332f249011d118945588d0a35cb9bc4b8ca09d9e
#6 DONE 0.0s

#7 [internal] load build context
#7 transferring context: 21.34kB 0.0s done
#7 DONE 0.0s

#8 [builder 1/4] WORKDIR /app
#8 CACHED

#9 [deps 1/4] RUN apk add --no-cache libc6-compat
#9 CACHED

#10 [deps 4/4] RUN npm ci
#10 CACHED

#11 [deps 2/4] WORKDIR /app
#11 CACHED

#12 [deps 3/4] COPY package*.json ./
#12 CACHED

#13 [builder 2/4] COPY --from=deps /app/node_modules ./node_modules
#13 CACHED

#14 [builder 3/4] COPY . .
#14 DONE 0.1s

#15 [builder 4/4] RUN npm run build; EXIT_CODE=$?; if [ $EXIT_CODE -eq 0 ]; then echo "Build successful"; else echo "Build completed with prerender warnings - continuing deployment"; fi
#15 0.308 
#15 0.308 > my-v0-project@0.1.0 build
#15 0.308 > next build
#15 0.308 
#15 0.859   ▲ Next.js 14.2.17
#15 0.859 
#15 0.871    Creating an optimized production build ...
#15 0.886  ⚠ Found lockfile missing swc dependencies, patching...
#15 1.108    Downloading swc package @next/swc-linux-arm64-gnu...
#15 5.526  ⚠ Lockfile was successfully patched, please run "npm install" to ensure @next/swc dependencies are downloaded
#15 21.60    Downloading swc package @next/swc-linux-arm64-musl...
#15 112.4 request to https://fonts.gstatic.com/s/inter/v20/UcC73FwrK3iLTeHuS_nVMrMxCp50SjIa1pL7W0Q5n-wU.woff2 failed, reason: connect ECONNREFUSED 203.208.50.34:443
#15 112.4 
#15 112.4 Retrying 1/3...
#15 112.4 request to https://fonts.gstatic.com/s/inter/v20/UcC73FwrK3iLTeHuS_nVMrMxCp50SjIa2JL7W0Q5n-wU.woff2 failed, reason: connect ECONNREFUSED 203.208.50.34:443
#15 112.4 
#15 112.4 Retrying 1/3...
#15 112.4 request to https://fonts.gstatic.com/s/inter/v20/UcC73FwrK3iLTeHuS_nVMrMxCp50SjIa2ZL7W0Q5n-wU.woff2 failed, reason: connect ECONNREFUSED 203.208.50.34:443
#15 112.4 
#15 112.4 Retrying 1/3...
#15 112.4 request to https://fonts.gstatic.com/s/inter/v20/UcC73FwrK3iLTeHuS_nVMrMxCp50SjIa2pL7W0Q5n-wU.woff2 failed, reason: connect ECONNREFUSED 203.208.50.34:443
#15 112.4 
#15 112.4 Retrying 1/3...
#15 112.4 request to https://fonts.gstatic.com/s/inter/v20/UcC73FwrK3iLTeHuS_nVMrMxCp50SjIa25L7W0Q5n-wU.woff2 failed, reason: connect ECONNREFUSED 203.208.50.34:443
#15 112.4 
#15 112.4 Retrying 1/3...
#15 112.4 request to https://fonts.gstatic.com/s/inter/v20/UcC73FwrK3iLTeHuS_nVMrMxCp50SjIa1ZL7W0Q5nw.woff2 failed, reason: connect ECONNREFUSED 203.208.50.34:443
#15 112.4 
#15 112.4 Retrying 1/3...
#15 113.4 request to https://fonts.gstatic.com/s/syne/v24/8vIH7w4qzmVxm2BL9G78HEY.woff2 failed, reason: connect ECONNREFUSED 203.208.50.34:443
#15 113.4 
#15 113.4 Retrying 1/3...
#15 187.5 request to https://fonts.gstatic.com/s/inter/v20/UcC73FwrK3iLTeHuS_nVMrMxCp50SjIa2JL7W0Q5n-wU.woff2 failed, reason: connect ECONNREFUSED 203.208.43.66:443
#15 187.5 
#15 187.5 Retrying 2/3...
#15 187.5 request to https://fonts.gstatic.com/s/inter/v20/UcC73FwrK3iLTeHuS_nVMrMxCp50SjIa2ZL7W0Q5n-wU.woff2 failed, reason: connect ECONNREFUSED 203.208.43.66:443
#15 187.5 
#15 187.5 Retrying 2/3...
#15 187.5 request to https://fonts.gstatic.com/s/inter/v20/UcC73FwrK3iLTeHuS_nVMrMxCp50SjIa2pL7W0Q5n-wU.woff2 failed, reason: connect ECONNREFUSED 203.208.43.66:443
#15 187.5 
#15 187.5 Retrying 2/3...
#15 187.5 request to https://fonts.gstatic.com/s/inter/v20/UcC73FwrK3iLTeHuS_nVMrMxCp50SjIa1pL7W0Q5n-wU.woff2 failed, reason: connect ECONNREFUSED 203.208.43.66:443
#15 187.5 
#15 187.5 Retrying 2/3...
#15 187.5 request to https://fonts.gstatic.com/s/inter/v20/UcC73FwrK3iLTeHuS_nVMrMxCp50SjIa25L7W0Q5n-wU.woff2 failed, reason: connect ECONNREFUSED 203.208.43.66:443
#15 187.5 
#15 187.5 Retrying 2/3...
#15 188.5 request to https://fonts.gstatic.com/s/syne/v24/8vIH7w4qzmVxm2BL9G78HEY.woff2 failed, reason: connect ECONNREFUSED 203.208.43.66:443
#15 188.5 
#15 188.5 Retrying 2/3...
#15 262.7 request to https://fonts.gstatic.com/s/inter/v20/UcC73FwrK3iLTeHuS_nVMrMxCp50SjIa25L7W0Q5n-wU.woff2 failed, reason: connect ECONNREFUSED 203.208.43.66:443
#15 262.7 
#15 262.7 Retrying 3/3...
#15 262.7 request to https://fonts.gstatic.com/s/inter/v20/UcC73FwrK3iLTeHuS_nVMrMxCp50SjIa1pL7W0Q5n-wU.woff2 failed, reason: connect ECONNREFUSED 203.208.43.66:443
#15 262.7 
#15 262.7 Retrying 3/3...
#15 338.2 FetchError: request to https://fonts.gstatic.com/s/inter/v20/UcC73FwrK3iLTeHuS_nVMrMxCp50SjIa25L7W0Q5n-wU.woff2 failed, reason: connect ECONNREFUSED 203.208.43.66:443
#15 338.2     at ClientRequest.<anonymous> (/app/node_modules/next/dist/compiled/node-fetch/index.js:1:66160)
#15 338.2     at ClientRequest.emit (node:events:517:28)
#15 338.2     at TLSSocket.socketErrorListener (node:_http_client:501:9)
#15 338.2     at TLSSocket.emit (node:events:517:28)
#15 338.2     at emitErrorNT (node:internal/streams/destroy:151:8)
#15 338.2     at emitErrorCloseNT (node:internal/streams/destroy:116:3)
#15 338.2     at process.processTicksAndRejections (node:internal/process/task_queues:82:21) {
#15 338.2   type: 'system',
#15 338.2   errno: 'ECONNREFUSED',
#15 338.2   code: 'ECONNREFUSED'
#15 338.2 }
#15 338.2 FetchError: request to https://fonts.gstatic.com/s/inter/v20/UcC73FwrK3iLTeHuS_nVMrMxCp50SjIa1pL7W0Q5n-wU.woff2 failed, reason: connect ECONNREFUSED 203.208.43.66:443
#15 338.2     at ClientRequest.<anonymous> (/app/node_modules/next/dist/compiled/node-fetch/index.js:1:66160)
#15 338.2     at ClientRequest.emit (node:events:517:28)
#15 338.2     at TLSSocket.socketErrorListener (node:_http_client:501:9)
#15 338.2     at TLSSocket.emit (node:events:517:28)
#15 338.2     at emitErrorNT (node:internal/streams/destroy:151:8)
#15 338.2     at emitErrorCloseNT (node:internal/streams/destroy:116:3)
#15 338.2     at process.processTicksAndRejections (node:internal/process/task_queues:82:21) {
#15 338.2   type: 'system',
#15 338.2   errno: 'ECONNREFUSED',
#15 338.2   code: 'ECONNREFUSED'
#15 338.2 }
#15 346.3 Failed to compile.
#15 346.3 
#15 346.3 lib/fonts.ts
#15 346.3 `next/font` error:
#15 346.3 Failed to fetch `Inter` from Google Fonts.
#15 346.3 
#15 346.3 
#15 346.3 > Build failed because of webpack errors
#15 346.3 npm notice
#15 346.3 npm notice New major version of npm available! 10.8.2 -> 11.6.1
#15 346.3 npm notice Changelog: https://github.com/npm/cli/releases/tag/v11.6.1
#15 346.3 npm notice To update run: npm install -g npm@11.6.1
#15 346.3 npm notice
#15 346.4 Build completed with prerender warnings - continuing deployment
#15 DONE 346.4s

#16 [runner  6/12] RUN chown nextjs:nodejs .next
#16 CACHED

#17 [runner  5/12] RUN mkdir .next
#17 CACHED

#18 [runner  2/12] RUN addgroup --system --gid 1001 nodejs
#18 CACHED

#19 [runner  4/12] COPY --from=builder /app/public ./public
#19 CACHED

#20 [runner  3/12] RUN adduser --system --uid 1001 nextjs
#20 CACHED

#21 [runner  7/12] RUN echo "Checking available .next outputs..."
#21 CACHED

#22 [runner  8/12] COPY --from=builder --chown=nextjs:nodejs /app/.next ./.next
#22 DONE 0.1s

#23 [runner  9/12] COPY --from=builder --chown=nextjs:nodejs /app/node_modules ./node_modules
#23 DONE 2.3s

#24 [runner 10/12] COPY --from=builder --chown=nextjs:nodejs /app/package.json ./package.json
#24 DONE 0.0s

#25 [runner 11/12] RUN if [ ! -f ./.next/prerender-manifest.json ]; then echo '{"version":4,"routes":{},"dynamicRoutes":{},"notFoundRoutes":[],"preview":{"previewModeId":"","previewModeSigningKey":"","previewModeEncryptionKey":""}}' > ./.next/prerender-manifest.json; fi
#25 DONE 0.1s

#26 [runner 12/12] RUN if [ ! -f ./.next/routes-manifest.json ]; then echo '{"version":3,"pages404":false,"basePath":"","redirects":[],"rewrites":{"beforeFiles":[],"afterFiles":[],"fallback":[]},"headers":[]}' > ./.next/routes-manifest.json; fi
#26 DONE 0.1s

#27 exporting to image
#27 exporting layers
#27 exporting layers 2.5s done
#27 writing image sha256:2dfe3e74454d3d201d9b9a7fb8a76878b1d35f353763e3895e0486629f69c65d
#27 writing image sha256:2dfe3e74454d3d201d9b9a7fb8a76878b1d35f353763e3895e0486629f69c65d done
#27 naming to docker.io/library/vidfab-app done
#27 DONE 2.5s

#28 resolving provenance for metadata file
#28 DONE 0.0s
 app  Built
