#1 [internal] load local bake definitions
#1 reading from stdin 347B done
#1 DONE 0.0s

#2 [internal] load build definition from Dockerfile
#2 transferring dockerfile: 2.64kB done
#2 DONE 0.0s

#3 [internal] load metadata for docker.io/library/node:18-alpine
#3 ...

#4 [auth] library/node:pull token for registry-1.docker.io
#4 DONE 0.0s

#3 [internal] load metadata for docker.io/library/node:18-alpine
#3 DONE 2.2s

#5 [internal] load .dockerignore
#5 transferring context: 820B done
#5 DONE 0.0s

#6 [base 1/1] FROM docker.io/library/node:18-alpine@sha256:8d6421d663b4c28fd3ebc498332f249011d118945588d0a35cb9bc4b8ca09d9e
#6 DONE 0.0s

#7 [internal] load build context
#7 transferring context: 105.03kB 0.0s done
#7 DONE 0.0s

#8 [deps 1/4] RUN apk add --no-cache libc6-compat
#8 CACHED

#9 [deps 2/4] WORKDIR /app
#9 CACHED

#10 [deps 3/4] COPY package*.json ./
#10 DONE 0.0s

#11 [deps 4/4] RUN npm ci
#11 1.402 npm error code EUSAGE
#11 1.402 npm error
#11 1.402 npm error `npm ci` can only install packages when your package.json and package-lock.json or npm-shrinkwrap.json are in sync. Please update your lock file with `npm install` before continuing.
#11 1.402 npm error
#11 1.402 npm error Missing: @sendgrid/mail@8.1.6 from lock file
#11 1.402 npm error Missing: @sendgrid/client@8.1.6 from lock file
#11 1.402 npm error Missing: @sendgrid/helpers@8.0.0 from lock file
#11 1.402 npm error Missing: axios@1.12.2 from lock file
#11 1.402 npm error Missing: follow-redirects@1.15.11 from lock file
#11 1.402 npm error Missing: proxy-from-env@1.1.0 from lock file
#11 1.402 npm error
#11 1.402 npm error Clean install a project
#11 1.402 npm error
#11 1.402 npm error Usage:
#11 1.402 npm error npm ci
#11 1.402 npm error
#11 1.402 npm error Options:
#11 1.402 npm error [--install-strategy <hoisted|nested|shallow|linked>] [--legacy-bundling]
#11 1.402 npm error [--global-style] [--omit <dev|optional|peer> [--omit <dev|optional|peer> ...]]
#11 1.402 npm error [--include <prod|dev|optional|peer> [--include <prod|dev|optional|peer> ...]]
#11 1.402 npm error [--strict-peer-deps] [--foreground-scripts] [--ignore-scripts] [--no-audit]
#11 1.402 npm error [--no-bin-links] [--no-fund] [--dry-run]
#11 1.402 npm error [-w|--workspace <workspace-name> [-w|--workspace <workspace-name> ...]]
#11 1.402 npm error [-ws|--workspaces] [--include-workspace-root] [--install-links]
#11 1.402 npm error
#11 1.402 npm error aliases: clean-install, ic, install-clean, isntall-clean
#11 1.402 npm error
#11 1.402 npm error Run "npm help ci" for more info
#11 1.404 npm notice
#11 1.404 npm notice New major version of npm available! 10.8.2 -> 11.6.1
#11 1.404 npm notice Changelog: https://github.com/npm/cli/releases/tag/v11.6.1
#11 1.404 npm notice To update run: npm install -g npm@11.6.1
#11 1.404 npm notice
#11 1.404 npm error A complete log of this run can be found in: /root/.npm/_logs/2025-09-26T07_47_01_467Z-debug-0.log
#11 ERROR: process "/bin/sh -c npm ci" did not complete successfully: exit code: 1
------
 > [deps 4/4] RUN npm ci:
1.402 npm error
1.402 npm error aliases: clean-install, ic, install-clean, isntall-clean
1.402 npm error
1.402 npm error Run "npm help ci" for more info
1.404 npm notice
1.404 npm notice New major version of npm available! 10.8.2 -> 11.6.1
1.404 npm notice Changelog: https://github.com/npm/cli/releases/tag/v11.6.1
1.404 npm notice To update run: npm install -g npm@11.6.1
1.404 npm notice
1.404 npm error A complete log of this run can be found in: /root/.npm/_logs/2025-09-26T07_47_01_467Z-debug-0.log
------
Dockerfile:11

--------------------

   9 |     # Install dependencies based on the preferred package manager

  10 |     COPY package*.json ./

  11 | >>> RUN npm ci

  12 |     

  13 |     # Rebuild the source code only when needed

--------------------

failed to solve: process "/bin/sh -c npm ci" did not complete successfully: exit code: 1



View build details: docker-desktop://dashboard/build/desktop-linux/desktop-linux/qeiwh9ydi5rrdtcizbfld1v6s

